C51 COMPILER V9.59.0.0   1                                                                 03/08/2020 22:49:11 PAGE 1   


C51 COMPILER V9.59.0.0, COMPILATION OF MODULE 1
OBJECT MODULE PLACED IN .\Objects\1.obj
COMPILER INVOKED BY: D:\Keil_v5\C51\BIN\C51.EXE 1.c OPTIMIZE(8,SPEED) BROWSE DEBUG OBJECTEXTEND PRINT(.\Listings\1.lst) 
                    -TABS(2) OBJECT(.\Objects\1.obj)

line level    source

   1          #include<reg51.h>
   2           void delay(unsigned int time)//ÑÓÊ±²ÎÊý
   3           {
   4   1       unsigned int i,j;
   5   1       for(i=0;i<time;i++)
   6   1       for(j=0;j<1000;j++)
   7   1       ;
   8   1       }
   9           void main()
  10           {
  11   1       unsigned char code table[]={0xc0,0xf9,0xa4,0xb0,0x99,0x92,0x82,0xf8,0x80,0x90};
  12   1       unsigned int y;
  13   1       for(y=0;y<=9;y++)
  14   1       {
  15   2       P1=table[y];
  16   2       delay(80);
  17   2       }
  18   1        }


MODULE INFORMATION:   STATIC OVERLAYABLE
   CODE SIZE        =     78    ----
   CONSTANT SIZE    =     10    ----
   XDATA SIZE       =   ----    ----
   PDATA SIZE       =   ----    ----
   DATA SIZE        =   ----       2
   IDATA SIZE       =   ----    ----
   BIT SIZE         =   ----    ----
END OF MODULE INFORMATION.


C51 COMPILATION COMPLETE.  0 WARNING(S),  0 ERROR(S)
