C51 COMPILER V9.59.0.0   1                                                                 04/12/2020 14:23:51 PAGE 1   


C51 COMPILER V9.59.0.0, COMPILATION OF MODULE 1
OBJECT MODULE PLACED IN .\Objects\1.obj
COMPILER INVOKED BY: D:\Keil_v5\C51\BIN\C51.EXE 1.c OPTIMIZE(8,SPEED) BROWSE DEBUG OBJECTEXTEND PRINT(.\Listings\1.lst) 
                    -TABS(2) OBJECT(.\Objects\1.obj)

line level    source

   1          #include <reg51.h>
   2          
   3          unsigned char code table[]={0x3f,0x06,0x5b,0x4f,0x66,0x6d,0x7d,0x07,0x7f,0x6f};//0~9
   4          
   5          sbit P20=P2^0;//控制左边阴极（十位）
   6          sbit P21=P2^1;//控制右边阴极（个位）
   7          
   8          unsigned char a,b,c,i;
   9          
  10          void delay(unsigned int);
  11          
  12          void main()
  13          
  14            {
  15   1            while(1)  
  16   1              {
  17   2      
  18   2                //显示00~19
  19   2                for(a=0;a<2;a++)  //十位
  20   2        
  21   2                for(b=0;b<10;b++)   //个位
  22   2      
  23   2                for(c=0;c<=120;c++)   //循环显示126次
  24   2      
  25   2                      {
  26   3      
  27   3                        P2=0xff;
  28   3      
  29   3                        P20=0;
  30   3      
  31   3                        P1=table[a];
  32   3      
  33   3                        delay(4);
  34   3      
  35   3                        P20=1;
  36   3      
  37   3                        P21=0;
  38   3      
  39   3                        P1=table[b];
  40   3      
  41   3                        delay(4);
  42   3      
  43   3                      };
  44   2                      //显示"20"    
  45   2                      for(i=120;i>=1;i--) 
  46   2      
  47   2                      {
  48   3      
  49   3                        P2=0xff;
  50   3      
  51   3                        P20=0;
  52   3      
  53   3                        P1=table[2];
  54   3      
C51 COMPILER V9.59.0.0   1                                                                 04/12/2020 14:23:51 PAGE 2   

  55   3                        delay(4);
  56   3      
  57   3                        P20=1;
  58   3      
  59   3                        P21=0;
  60   3      
  61   3                        P1=table[0];
  62   3      
  63   3                        delay(4);
  64   3      
  65   3                      };
  66   2                                  
  67   2                    };   
  68   1      
  69   1                }
  70          
  71          void delay(unsigned int m)
  72          
  73          {
  74   1      
  75   1      unsigned int i,j; 
  76   1      
  77   1      for(i=m;i>0;i--)       
  78   1      
  79   1      for(j=110;j>0;j--); /*延时1ms*/
  80   1      
  81   1      }


MODULE INFORMATION:   STATIC OVERLAYABLE
   CODE SIZE        =    154    ----
   CONSTANT SIZE    =     10    ----
   XDATA SIZE       =   ----    ----
   PDATA SIZE       =   ----    ----
   DATA SIZE        =      4    ----
   IDATA SIZE       =   ----    ----
   BIT SIZE         =   ----    ----
END OF MODULE INFORMATION.


C51 COMPILATION COMPLETE.  0 WARNING(S),  0 ERROR(S)
