C51 COMPILER V9.59.0.0   1                                                                 03/29/2020 16:57:19 PAGE 1   


C51 COMPILER V9.59.0.0, COMPILATION OF MODULE 1
OBJECT MODULE PLACED IN .\Objects\1.obj
COMPILER INVOKED BY: D:\Keil_v5\C51\BIN\C51.EXE 1.c OPTIMIZE(8,SPEED) BROWSE DEBUG OBJECTEXTEND PRINT(.\Listings\1.lst) 
                    -TABS(2) OBJECT(.\Objects\1.obj)

line level    source

   1          #include<reg51.h>
   2          void delay(unsigned int m)
   3          
   4          {
   5   1      unsigned int i,j; 
   6   1      for(i=m;i>0;i--)       
   7   1      for(j=110;j>0;j--); /*延时1ms*/
   8   1      }
   9          
  10          unsigned char code table[]={0x3f,0x06,0x5b,0x4f,0x66,0x6d,0x7d,0x07,0x7f,0x6f};//0~9
  11          
  12          unsigned int y;
  13          void main()
  14           {   
  15   1           EX0=1;//外部中断0允许标志
  16   1           EX1=1;//外部中断1允许标志
  17   1           IT0=1;//下降沿触发
  18   1           IT1=1;//下降沿触发
  19   1           EA=1;
  20   1           while(1);
  21   1       }
  22          void int0() interrupt 0
  23           {
  24   1            for(y=0;y<=9;y++)
  25   1            {
  26   2            P1=table[y];
  27   2            delay(300);
  28   2            }
  29   1       }
  30           
  31          void int1() interrupt 2
  32           {
  33   1          for(y=10;y>0;y--)
  34   1           {
  35   2           P1=table[y-1];
  36   2           delay(300);
  37   2           }
  38   1       }


MODULE INFORMATION:   STATIC OVERLAYABLE
   CODE SIZE        =    196    ----
   CONSTANT SIZE    =     10    ----
   XDATA SIZE       =   ----    ----
   PDATA SIZE       =   ----    ----
   DATA SIZE        =      2    ----
   IDATA SIZE       =   ----    ----
   BIT SIZE         =   ----    ----
END OF MODULE INFORMATION.


C51 COMPILATION COMPLETE.  0 WARNING(S),  0 ERROR(S)
