C51 COMPILER V9.59.0.0   1                                                                 03/29/2020 16:19:13 PAGE 1   


C51 COMPILER V9.59.0.0, COMPILATION OF MODULE 1
OBJECT MODULE PLACED IN .\Objects\1.obj
COMPILER INVOKED BY: D:\Keil_v5\C51\BIN\C51.EXE 1.c OPTIMIZE(8,SPEED) BROWSE DEBUG OBJECTEXTEND PRINT(.\Listings\1.lst) 
                    -TABS(2) OBJECT(.\Objects\1.obj)

line level    source

   1          #include <reg51.h>
   2          
   3          void main()
   4              { 
   5   1      
   6   1            EX0=1;//外部中断0允许标志
   7   1            EX1=1;//外部中断1允许标志
   8   1            IT0=1;//下降沿触发
   9   1            IT1=1;//下降沿触发
  10   1            EA=1;
  11   1            while(1);
  12   1          }
  13          void int0() interrupt 0
  14              {
  15   1           P1=0x55;
  16   1          }
  17          
  18             
  19           void int1() interrupt 2
  20              {
  21   1            P1=0xaa;
  22   1          }
  23            


MODULE INFORMATION:   STATIC OVERLAYABLE
   CODE SIZE        =     20    ----
   CONSTANT SIZE    =   ----    ----
   XDATA SIZE       =   ----    ----
   PDATA SIZE       =   ----    ----
   DATA SIZE        =   ----    ----
   IDATA SIZE       =   ----    ----
   BIT SIZE         =   ----    ----
END OF MODULE INFORMATION.


C51 COMPILATION COMPLETE.  0 WARNING(S),  0 ERROR(S)
