C51 COMPILER V9.59.0.0   1                                                                 04/26/2020 17:26:05 PAGE 1   


C51 COMPILER V9.59.0.0, COMPILATION OF MODULE 1
OBJECT MODULE PLACED IN .\Objects\1.obj
COMPILER INVOKED BY: D:\Keil_v5\C51\BIN\C51.EXE 1.c OPTIMIZE(8,SPEED) BROWSE DEBUG OBJECTEXTEND PRINT(.\Listings\1.lst) 
                    -TABS(2) OBJECT(.\Objects\1.obj)

line level    source

   1          #include <reg51.h>
   2          #include <absacc.h>
   3          void delay_ms(unsigned int n)
   4          {
   5   1      unsigned int i,j;
   6   1      for(i=n;i>0;i--)
   7   1      for(j=123;j>0;j--);
   8   1      }
   9          void main (void)
  10          {
  11   1      unsigned int i;
  12   1      while(1)
  13   1      {
  14   2      for(i=0;i<=15;i++)
  15   2      {
  16   3      XBYTE[0x0000+i]=i;
  17   3      P1=XBYTE[0x0000+i];
  18   3      delay_ms(1000);
  19   3      }
  20   2      }
  21   1      }


MODULE INFORMATION:   STATIC OVERLAYABLE
   CODE SIZE        =     62    ----
   CONSTANT SIZE    =   ----    ----
   XDATA SIZE       =   ----    ----
   PDATA SIZE       =   ----    ----
   DATA SIZE        =   ----    ----
   IDATA SIZE       =   ----    ----
   BIT SIZE         =   ----    ----
END OF MODULE INFORMATION.


C51 COMPILATION COMPLETE.  0 WARNING(S),  0 ERROR(S)
