C51 COMPILER V8.08   2                                                                     06/05/2020 15:31:40 PAGE 1   


C51 COMPILER V8.08, COMPILATION OF MODULE 2
OBJECT MODULE PLACED IN 2.OBJ
COMPILER INVOKED BY: D:\Program Files\keil\C51\BIN\C51.EXE 2.c BROWSE DEBUG OBJECTEXTEND

line level    source

   1          #include <reg51.h>
   2          #include <absacc.h>
   3          #define uchar unsigned char
   4          void delay_ms(unsigned int n)
   5          {
   6   1      unsigned int i,j;
   7   1      for(i=n;i>0;i--)
   8   1      for(j=123;j>0;j--);
   9   1      }
  10          void main(void)
  11          {
  12   1      unsigned int i;
  13   1      for(i=0;i<8;i++)
  14   1      {
  15   2      XBYTE[i]=0x00;
  16   2      delay_ms(100);
  17   2      P1=XBYTE[i];
  18   2      }
  19   1      }


MODULE INFORMATION:   STATIC OVERLAYABLE
   CODE SIZE        =     60    ----
   CONSTANT SIZE    =   ----    ----
   XDATA SIZE       =   ----    ----
   PDATA SIZE       =   ----    ----
   DATA SIZE        =   ----    ----
   IDATA SIZE       =   ----    ----
   BIT SIZE         =   ----    ----
END OF MODULE INFORMATION.


C51 COMPILATION COMPLETE.  0 WARNING(S),  0 ERROR(S)
