C51 COMPILER V9.59.0.0   1                                                                 03/29/2020 16:21:02 PAGE 1   


C51 COMPILER V9.59.0.0, COMPILATION OF MODULE 1
OBJECT MODULE PLACED IN 1.OBJ
COMPILER INVOKED BY: D:\Keil_v5\C51\BIN\C51.EXE 1.c OPTIMIZE(8,SPEED) BROWSE DEBUG OBJECTEXTEND TABS(2)

line level    source

   1          #include<reg51.h>
   2          
   3            void delay(unsigned int time)//延时函数
   4            {
   5   1         unsigned int i,j;
   6   1         for(i=0;i<time;i++)
   7   1         for(j=0;j<1000;j++)
   8   1         ;
   9   1        } 
  10          
  11            void main()
  12            {
  13   1         unsigned int y,j;
  14   1         unsigned int a[8] = {0xfe,0xfd,0xfb,0xf7,0xef,0xdf,0xbf,0x7f};//流水灯P1的值
  15   1          
  16   1          if(P3==0xfb)//按下P3.2 P1的8个灯奇亮偶不亮 1111 1011
  17   1          {
  18   2          P1=0xaa;       //1010 1010
  19   2          }
  20   1          if(P3==0xf7)//按下P3.3 P1的8个灯偶亮奇不亮 1111 0111
  21   1          {
  22   2          P1=0x55;     //0101 0101
  23   2          }
  24   1          if(P3==0xef)//按下P3.4 P1的8个灯流水灯顺着滚动一遍 1110 1111
  25   1          { 
  26   2          for(y=0;y<8;y++)
  27   2           {
  28   3           P1=a[y];
  29   3           delay(20);
  30   3           }
  31   2          }
  32   1          if(P3==0xdf)//按下P3.5 P1的8个灯流水灯倒着滚动一遍 1101 1111
  33   1          { 
  34   2          for(y=0;y<8;y++)
  35   2           {
  36   3           P1=a[7-y];
  37   3           delay(20);
  38   3           }
  39   2          }
  40   1        }
*** WARNING C280 IN LINE 13 OF 1.c: 'j': unreferenced local variable


MODULE INFORMATION:   STATIC OVERLAYABLE
   CODE SIZE        =    154    ----
   CONSTANT SIZE    =     16    ----
   XDATA SIZE       =   ----    ----
   PDATA SIZE       =   ----    ----
   DATA SIZE        =   ----      20
   IDATA SIZE       =   ----    ----
   BIT SIZE         =   ----    ----
END OF MODULE INFORMATION.


C51 COMPILATION COMPLETE.  1 WARNING(S),  0 ERROR(S)
